This file contains any messages produced by compilers while
running configure, to aid debugging if configure makes a mistake.

It was created by HW1 configure 1.0, which was
generated by GNU Autoconf 2.69.  Invocation command line was

  $ ./configure --prefix=/home/course/Non-FEM/HW1/build/ CXXFLAGS=-I/home/course/Non-FEM/HW1/include

## --------- ##
## Platform. ##
## --------- ##

hostname = mck-Precision-Tower-5810
uname -m = x86_64
uname -r = 4.15.0-36-generic
uname -s = Linux
uname -v = #39-Ubuntu SMP Mon Sep 24 16:19:09 UTC 2018

/usr/bin/uname -p = unknown
/bin/uname -X     = unknown

/bin/arch              = unknown
/usr/bin/arch -k       = unknown
/usr/convex/getsysinfo = unknown
/usr/bin/hostinfo      = unknown
/bin/machine           = unknown
/usr/bin/oslevel       = unknown
/bin/universe          = unknown

PATH: /home/mck/Documents/ideaIC-2018.2.3/idea-IC-182.4323.46/bin
PATH: /home/mck/ParaView-5.5.2-Qt5-MPI-Linux-64bit/bin
PATH: /home/mck/FALCON/falcon
PATH: /home/mck/FALCON/moose/gui
PATH: /usr/local/git/bin
PATH: /home/mck/FALCON/moose/python/peacock
PATH: /opt/moose/miniconda/bin
PATH: /opt/moose/gnuplot-4.6.5/bin
PATH: /opt/moose/lcov-1.11/usr/bin
PATH: /opt/moose/graphviz-2.38.0/bin
PATH: /opt/moose/doxygen-1.8.11/bin
PATH: /opt/moose/seacas/bin
PATH: /opt/moose/seacas/etc
PATH: /opt/moose/cppunit-1.12.1/gcc-7.3.0/bin
PATH: /opt/moose/mpich-3.2/gcc-7.3.0/bin
PATH: /opt/moose/llvm-5.0.1/bin
PATH: /opt/moose/gcc-7.3.0/bin
PATH: /usr/local/sbin
PATH: /usr/local/bin
PATH: /usr/sbin
PATH: /usr/bin
PATH: /sbin
PATH: /bin
PATH: /usr/games
PATH: /usr/local/games
PATH: /snap/bin
PATH: /usr/lib/jvm/java-10-oracle/bin
PATH: /usr/lib/jvm/java-10-oracle/db/bin


## ----------- ##
## Core tests. ##
## ----------- ##

configure:1844: checking for a BSD-compatible install
configure:1912: result: /usr/bin/install -c
configure:1923: checking whether build environment is sane
configure:1978: result: yes
configure:2129: checking for a thread-safe mkdir -p
configure:2168: result: /bin/mkdir -p
configure:2175: checking for gawk
configure:2205: result: no
configure:2175: checking for mawk
configure:2191: found /usr/bin/mawk
configure:2202: result: mawk
configure:2213: checking whether make sets $(MAKE)
configure:2235: result: yes
configure:2264: checking whether make supports nested variables
configure:2281: result: yes
configure:2519: checking for C++ compiler version
configure:2528: mpicxx --version >&5
g++ (GCC) 7.3.0
Copyright (C) 2017 Free Software Foundation, Inc.
This is free software; see the source for copying conditions.  There is NO
warranty; not even for MERCHANTABILITY or FITNESS FOR A PARTICULAR PURPOSE.

configure:2539: $? = 0
configure:2528: mpicxx -v >&5
mpicxx for MPICH version 3.2
Using built-in specs.
COLLECT_GCC=g++
COLLECT_LTO_WRAPPER=/opt/moose/gcc-7.3.0/libexec/gcc/x86_64-pc-linux-gnu/7.3.0/lto-wrapper
Target: x86_64-pc-linux-gnu
Configured with: ../gcc-7.3.0/configure --prefix=/opt/moose/gcc-7.3.0 --disable-multilib --enable-languages=c,c++,fortran,jit --enable-checking=release --enable-host-shared --with-pic
Thread model: posix
gcc version 7.3.0 (GCC) 
configure:2539: $? = 0
configure:2528: mpicxx -V >&5
g++: error: unrecognized command line option '-V'
configure:2539: $? = 1
configure:2528: mpicxx -qversion >&5
g++: error: unrecognized command line option '-qversion'; did you mean '--version'?
configure:2539: $? = 1
configure:2559: checking whether the C++ compiler works
configure:2581: mpicxx -I/home/course/Non-FEM/HW1/include   conftest.cpp  >&5
configure:2585: $? = 0
configure:2633: result: yes
configure:2636: checking for C++ compiler default output file name
configure:2638: result: a.out
configure:2644: checking for suffix of executables
configure:2651: mpicxx -o conftest -I/home/course/Non-FEM/HW1/include   conftest.cpp  >&5
configure:2655: $? = 0
configure:2677: result: 
configure:2699: checking whether we are cross compiling
configure:2707: mpicxx -o conftest -I/home/course/Non-FEM/HW1/include   conftest.cpp  >&5
configure:2711: $? = 0
configure:2718: ./conftest
configure:2722: $? = 0
configure:2737: result: no
configure:2742: checking for suffix of object files
configure:2764: mpicxx -c -I/home/course/Non-FEM/HW1/include  conftest.cpp >&5
configure:2768: $? = 0
configure:2789: result: o
configure:2793: checking whether we are using the GNU C++ compiler
configure:2812: mpicxx -c -I/home/course/Non-FEM/HW1/include  conftest.cpp >&5
configure:2812: $? = 0
configure:2821: result: yes
configure:2830: checking whether mpicxx accepts -g
configure:2850: mpicxx -c -g  conftest.cpp >&5
configure:2850: $? = 0
configure:2891: result: yes
configure:2925: checking for style of include used by make
configure:2953: result: GNU
configure:2979: checking dependency style of mpicxx
configure:3090: result: gcc3
configure:3218: checking that generated files are newer than configure
configure:3224: result: done
configure:3247: creating ./config.status

## ---------------------- ##
## Running config.status. ##
## ---------------------- ##

This file was extended by HW1 config.status 1.0, which was
generated by GNU Autoconf 2.69.  Invocation command line was

  CONFIG_FILES    = 
  CONFIG_HEADERS  = 
  CONFIG_LINKS    = 
  CONFIG_COMMANDS = 
  $ ./config.status 

on mck-Precision-Tower-5810

config.status:841: creating Makefile
config.status:841: creating src/Makefile
config.status:841: creating config.h
config.status:1022: config.h is unchanged
config.status:1070: executing depfiles commands

## ---------------- ##
## Cache variables. ##
## ---------------- ##

ac_cv_cxx_compiler_gnu=yes
ac_cv_env_CCC_set=
ac_cv_env_CCC_value=
ac_cv_env_CPPFLAGS_set=
ac_cv_env_CPPFLAGS_value=
ac_cv_env_CXXFLAGS_set=set
ac_cv_env_CXXFLAGS_value=-I/home/course/Non-FEM/HW1/include
ac_cv_env_CXX_set=set
ac_cv_env_CXX_value=mpicxx
ac_cv_env_LDFLAGS_set=
ac_cv_env_LDFLAGS_value=
ac_cv_env_LIBS_set=
ac_cv_env_LIBS_value=
ac_cv_env_build_alias_set=
ac_cv_env_build_alias_value=
ac_cv_env_host_alias_set=
ac_cv_env_host_alias_value=
ac_cv_env_target_alias_set=
ac_cv_env_target_alias_value=
ac_cv_objext=o
ac_cv_path_install='/usr/bin/install -c'
ac_cv_path_mkdir=/bin/mkdir
ac_cv_prog_AWK=mawk
ac_cv_prog_cxx_g=yes
ac_cv_prog_make_make_set=yes
am_cv_CXX_dependencies_compiler_type=gcc3
am_cv_make_support_nested_variables=yes

## ----------------- ##
## Output variables. ##
## ----------------- ##

ACLOCAL='${SHELL} /home/mck/course/Non-FEM/HW1/missing aclocal-1.15'
AMDEPBACKSLASH='\'
AMDEP_FALSE='#'
AMDEP_TRUE=''
AMTAR='$${TAR-tar}'
AM_BACKSLASH='\'
AM_DEFAULT_V='$(AM_DEFAULT_VERBOSITY)'
AM_DEFAULT_VERBOSITY='1'
AM_V='$(V)'
AUTOCONF='${SHELL} /home/mck/course/Non-FEM/HW1/missing autoconf'
AUTOHEADER='${SHELL} /home/mck/course/Non-FEM/HW1/missing autoheader'
AUTOMAKE='${SHELL} /home/mck/course/Non-FEM/HW1/missing automake-1.15'
AWK='mawk'
CPPFLAGS=''
CXX='mpicxx'
CXXDEPMODE='depmode=gcc3'
CXXFLAGS='-I/home/course/Non-FEM/HW1/include'
CYGPATH_W='echo'
DEFS='-DHAVE_CONFIG_H'
DEPDIR='.deps'
ECHO_C=''
ECHO_N='-n'
ECHO_T=''
EXEEXT=''
INSTALL_DATA='${INSTALL} -m 644'
INSTALL_PROGRAM='${INSTALL}'
INSTALL_SCRIPT='${INSTALL}'
INSTALL_STRIP_PROGRAM='$(install_sh) -c -s'
LDFLAGS=''
LIBOBJS=''
LIBS=''
LTLIBOBJS=''
MAKEINFO='${SHELL} /home/mck/course/Non-FEM/HW1/missing makeinfo'
MKDIR_P='/bin/mkdir -p'
OBJEXT='o'
PACKAGE='hw1'
PACKAGE_BUGREPORT='gxyangshuo@163.com'
PACKAGE_NAME='HW1'
PACKAGE_STRING='HW1 1.0'
PACKAGE_TARNAME='hw1'
PACKAGE_URL=''
PACKAGE_VERSION='1.0'
PATH_SEPARATOR=':'
SET_MAKE=''
SHELL='/bin/bash'
STRIP=''
VERSION='1.0'
ac_ct_CXX=''
am__EXEEXT_FALSE=''
am__EXEEXT_TRUE='#'
am__fastdepCXX_FALSE='#'
am__fastdepCXX_TRUE=''
am__include='include'
am__isrc=''
am__leading_dot='.'
am__nodep='_no'
am__quote=''
am__tar='$${TAR-tar} chof - "$$tardir"'
am__untar='$${TAR-tar} xf -'
bindir='${exec_prefix}/bin'
build_alias=''
datadir='${datarootdir}'
datarootdir='${prefix}/share'
docdir='${datarootdir}/doc/${PACKAGE_TARNAME}'
dvidir='${docdir}'
exec_prefix='${prefix}'
host_alias=''
htmldir='${docdir}'
includedir='${prefix}/include'
infodir='${datarootdir}/info'
install_sh='${SHELL} /home/mck/course/Non-FEM/HW1/install-sh'
libdir='${exec_prefix}/lib'
libexecdir='${exec_prefix}/libexec'
localedir='${datarootdir}/locale'
localstatedir='${prefix}/var'
mandir='${datarootdir}/man'
mkdir_p='$(MKDIR_P)'
oldincludedir='/usr/include'
pdfdir='${docdir}'
prefix='/home/course/Non-FEM/HW1/build'
program_transform_name='s,x,x,'
psdir='${docdir}'
runstatedir='${localstatedir}/run'
sbindir='${exec_prefix}/sbin'
sharedstatedir='${prefix}/com'
sysconfdir='${prefix}/etc'
target_alias=''

## ----------- ##
## confdefs.h. ##
## ----------- ##

/* confdefs.h */
#define PACKAGE_NAME "HW1"
#define PACKAGE_TARNAME "hw1"
#define PACKAGE_VERSION "1.0"
#define PACKAGE_STRING "HW1 1.0"
#define PACKAGE_BUGREPORT "gxyangshuo@163.com"
#define PACKAGE_URL ""
#define PACKAGE "hw1"
#define VERSION "1.0"

configure: exit 0

## ---------------------- ##
## Running config.status. ##
## ---------------------- ##

This file was extended by HW1 config.status 1.0, which was
generated by GNU Autoconf 2.69.  Invocation command line was

  CONFIG_FILES    = 
  CONFIG_HEADERS  = 
  CONFIG_LINKS    = 
  CONFIG_COMMANDS = 
  $ ./config.status Makefile

on mck-Precision-Tower-5810

config.status:841: creating Makefile

## ---------------------- ##
## Running config.status. ##
## ---------------------- ##

This file was extended by HW1 config.status 1.0, which was
generated by GNU Autoconf 2.69.  Invocation command line was

  CONFIG_FILES    = 
  CONFIG_HEADERS  = 
  CONFIG_LINKS    = 
  CONFIG_COMMANDS = 
  $ ./config.status src/Makefile depfiles

on mck-Precision-Tower-5810

config.status:841: creating src/Makefile
config.status:1070: executing depfiles commands
